<?xml version="1.0" encoding="UTF-8"?>
<testsuite xmlns:xsi="http://www.w3.org/2001/XMLSchema-instance" xsi:noNamespaceSchemaLocation="https://maven.apache.org/surefire/maven-surefire-plugin/xsd/surefire-test-report-3.0.xsd" version="3.0" name="com.abc.dataAccessObject.ProductImpTest" time="0.134" tests="4" errors="0" skipped="0" failures="0">
  <properties>
[...]
</properties>
  <testcase name="createUserShouldWorkSuccessfully" classname="com.abc.dataAccessObject.ProductImpTest" time="0.0"/>
  <testcase name="readUserShouldWorkSuccessfully" classname="com.abc.dataAccessObject.ProductImpTest" time="0.001"/>
  <testcase name="readDesciptionUserShouldWorkSuccessfully" classname="com.abc.dataAccessObject.ProductImpTest" time="0.001"/>
  <testcase name="readPriceUserShouldWorkSuccessfully" classname="com.abc.dataAccessObject.ProductImpTest" time="0.001"/>
</testsuite>